2014-01-08T00:34:08+01:00 INFO (6): Informational message
2014-01-08T00:50:14+01:00 ERR (3): exception 'Zend_Exception' with message 'Test exception' in /Applications/MAMP/htdocs/amsvideo-dev/application/models/DbTable/Courses.php:44
Stack trace:
#0 /Applications/MAMP/htdocs/amsvideo-dev/application/models/DbTable/Courses.php(34): Application_Model_DbTable_Courses->_parseCsv()
#1 /Applications/MAMP/htdocs/amsvideo-dev/application/controllers/AdminController.php(25): Application_Model_DbTable_Courses->insertCsv()
#2 /Applications/MAMP/htdocs/amsvideo-dev/src/Zend/Controller/Action.php(516): AdminController->indexAction()
#3 /Applications/MAMP/htdocs/amsvideo-dev/src/Zend/Controller/Dispatcher/Standard.php(308): Zend_Controller_Action->dispatch('indexAction')
#4 /Applications/MAMP/htdocs/amsvideo-dev/src/Zend/Controller/Front.php(954): Zend_Controller_Dispatcher_Standard->dispatch(Object(Zend_Controller_Request_Http), Object(Zend_Controller_Response_Http))
#5 /Applications/MAMP/htdocs/amsvideo-dev/src/Zend/Application/Bootstrap/Bootstrap.php(97): Zend_Controller_Front->dispatch()
#6 /Applications/MAMP/htdocs/amsvideo-dev/src/Zend/Application.php(366): Zend_Application_Bootstrap_Bootstrap->run()
#7 /Applications/MAMP/htdocs/amsvideo-dev/public/index.php(32): Zend_Application->run()
#8 {main}
2014-01-08T00:53:10+01:00 ERR (3): exception 'Zend_Exception' with message 'Courses CSV did not parse' in /Applications/MAMP/htdocs/amsvideo-dev/application/models/DbTable/Courses.php:43
Stack trace:
#0 /Applications/MAMP/htdocs/amsvideo-dev/application/models/DbTable/Courses.php(34): Application_Model_DbTable_Courses->_parseCsv()
#1 /Applications/MAMP/htdocs/amsvideo-dev/application/controllers/AdminController.php(25): Application_Model_DbTable_Courses->insertCsv()
#2 /Applications/MAMP/htdocs/amsvideo-dev/src/Zend/Controller/Action.php(516): AdminController->indexAction()
#3 /Applications/MAMP/htdocs/amsvideo-dev/src/Zend/Controller/Dispatcher/Standard.php(308): Zend_Controller_Action->dispatch('indexAction')
#4 /Applications/MAMP/htdocs/amsvideo-dev/src/Zend/Controller/Front.php(954): Zend_Controller_Dispatcher_Standard->dispatch(Object(Zend_Controller_Request_Http), Object(Zend_Controller_Response_Http))
#5 /Applications/MAMP/htdocs/amsvideo-dev/src/Zend/Application/Bootstrap/Bootstrap.php(97): Zend_Controller_Front->dispatch()
#6 /Applications/MAMP/htdocs/amsvideo-dev/src/Zend/Application.php(366): Zend_Application_Bootstrap_Bootstrap->run()
#7 /Applications/MAMP/htdocs/amsvideo-dev/public/index.php(32): Zend_Application->run()
#8 {main}
2014-01-08T00:58:53+01:00 ERR (3): exception 'Zend_Exception' with message 'Courses CSV did not parse' in /Applications/MAMP/htdocs/amsvideo-dev/application/models/DbTable/Courses.php:43
Stack trace:
#0 /Applications/MAMP/htdocs/amsvideo-dev/application/models/DbTable/Courses.php(34): Application_Model_DbTable_Courses->_parseCsv()
#1 /Applications/MAMP/htdocs/amsvideo-dev/application/controllers/AdminController.php(25): Application_Model_DbTable_Courses->insertCsv()
#2 /Applications/MAMP/htdocs/amsvideo-dev/src/Zend/Controller/Action.php(516): AdminController->indexAction()
#3 /Applications/MAMP/htdocs/amsvideo-dev/src/Zend/Controller/Dispatcher/Standard.php(308): Zend_Controller_Action->dispatch('indexAction')
#4 /Applications/MAMP/htdocs/amsvideo-dev/src/Zend/Controller/Front.php(954): Zend_Controller_Dispatcher_Standard->dispatch(Object(Zend_Controller_Request_Http), Object(Zend_Controller_Response_Http))
#5 /Applications/MAMP/htdocs/amsvideo-dev/src/Zend/Application/Bootstrap/Bootstrap.php(97): Zend_Controller_Front->dispatch()
#6 /Applications/MAMP/htdocs/amsvideo-dev/src/Zend/Application.php(366): Zend_Application_Bootstrap_Bootstrap->run()
#7 /Applications/MAMP/htdocs/amsvideo-dev/public/index.php(32): Zend_Application->run()
#8 {main}
